<?xml version="1.0" encoding="UTF-8" standalone="yes" ?>
<test-results name="D:\Delphi\RESTRequest4Delphi\tests\Delphi\RESTRequest4DTests.exe" total="15" errors="0" failures="0" ignored="0" inconclusive="0" not-run="0" skipped="0" invalid="0" date="2026-06-30" time="2.937">
  <culture-info current-culture="en" current-uiculture="en" />
  <test-suite type="Assembly" name="RESTRequest4DTests.exe" executed="true" result="Success" success="True" time="2.937" asserts="0">
    <results>
        <test-suite type="Namespace" name="RESTRequest4D" executed="true" result="Success" success="True" time="2.937" asserts="0" >
          <results>
              <test-suite type="Fixture" name="TRESTRequest4DTest" executed="True" result="Success" success="True" time="2.937" >
                <results>
                  <test-case name="TestFluidLifecycle" executed="True" result="Success" success="True" time="0.694" asserts="0" />
                  <test-case name="TestGetRequest" executed="True" result="Success" success="True" time="0.142" asserts="0" />
                  <test-case name="TestPostRequestWithJson" executed="True" result="Success" success="True" time="0.143" asserts="0" />
                  <test-case name="TestPutRequest" executed="True" result="Success" success="True" time="0.144" asserts="0" />
                  <test-case name="TestDeleteRequest" executed="True" result="Success" success="True" time="0.140" asserts="0" />
                  <test-case name="TestPatchRequest" executed="True" result="Success" success="True" time="0.143" asserts="0" />
                  <test-case name="TestAddHeaders" executed="True" result="Success" success="True" time="0.142" asserts="0" />
                  <test-case name="TestAddParams" executed="True" result="Success" success="True" time="0.142" asserts="0" />
                  <test-case name="TestAddUrlSegment" executed="True" result="Success" success="True" time="0.143" asserts="0" />
                  <test-case name="TestRaiseExceptionOn500" executed="True" result="Success" success="True" time="0.240" asserts="0" />
                  <test-case name="TestGetRequestAsync" executed="True" result="Success" success="True" time="0.212" asserts="0" />
                  <test-case name="TestTokenBearerAuthentication" executed="True" result="Success" success="True" time="0.145" asserts="0" />
                  <test-case name="TestCookies" executed="True" result="Success" success="True" time="0.143" asserts="0" />
                  <test-case name="TestMultipartFormData" executed="True" result="Success" success="True" time="0.143" asserts="0" />
                  <test-case name="TestAddBodyString" executed="True" result="Success" success="True" time="0.221" asserts="0" />
                </results>
              </test-suite>
          </results>
        </test-suite>
    </results>
  </test-suite>
</test-results>
